[2023-09-26T19:10:18.707+0000] {manager.py:487} INFO - Processing files using up to 2 processes at a time 
[2023-09-26T19:10:18.708+0000] {manager.py:488} INFO - Process each file at most once every 30 seconds
[2023-09-26T19:10:18.710+0000] {manager.py:489} INFO - Checking for new files in /opt/airflow/dags every 300 seconds
[2023-09-26T19:10:18.711+0000] {manager.py:759} INFO - Searching for files in /opt/airflow/dags
[2023-09-26T19:10:18.746+0000] {manager.py:762} INFO - There are 2 files in /opt/airflow/dags
[2023-09-26T19:10:18.907+0000] {manager.py:893} INFO - 
================================================================================
DAG File Processing Stats

File Path                              PID  Runtime      # DAGs    # Errors  Last Runtime    Last Run
-----------------------------------  -----  ---------  --------  ----------  --------------  ----------
/opt/airflow/dags/check_pg.py          162  0.03s             0           0
/opt/airflow/dags/data_ingestion.py    159  0.09s             0           0
================================================================================
[2023-09-26T19:10:49.118+0000] {manager.py:893} INFO - 
================================================================================
DAG File Processing Stats

File Path                            PID    Runtime      # DAGs    # Errors  Last Runtime    Last Run
-----------------------------------  -----  ---------  --------  ----------  --------------  -------------------
/opt/airflow/dags/check_pg.py                                 1           0  0.34s           2023-09-26T19:10:19
/opt/airflow/dags/data_ingestion.py                           1           0  0.39s           2023-09-26T19:10:19
================================================================================
[2023-09-26T19:11:19.669+0000] {manager.py:893} INFO - 
================================================================================
DAG File Processing Stats

File Path                              PID  Runtime      # DAGs    # Errors  Last Runtime    Last Run
-----------------------------------  -----  ---------  --------  ----------  --------------  -------------------
/opt/airflow/dags/check_pg.py          196  0.00s             1           0  0.16s           2023-09-26T19:10:49
/opt/airflow/dags/data_ingestion.py    193  0.02s             1           0  0.17s           2023-09-26T19:10:49
================================================================================
[2023-09-26T19:11:50.018+0000] {manager.py:893} INFO - 
================================================================================
DAG File Processing Stats

File Path                              PID  Runtime      # DAGs    # Errors  Last Runtime    Last Run
-----------------------------------  -----  ---------  --------  ----------  --------------  -------------------
/opt/airflow/dags/check_pg.py          213  0.00s             1           0  0.15s           2023-09-26T19:11:19
/opt/airflow/dags/data_ingestion.py    210  0.02s             1           0  0.16s           2023-09-26T19:11:19
================================================================================
[2023-09-26T19:12:20.274+0000] {manager.py:893} INFO - 
================================================================================
DAG File Processing Stats

File Path                              PID  Runtime      # DAGs    # Errors  Last Runtime    Last Run
-----------------------------------  -----  ---------  --------  ----------  --------------  -------------------
/opt/airflow/dags/check_pg.py          230  0.00s             1           0  0.15s           2023-09-26T19:11:50
/opt/airflow/dags/data_ingestion.py    227  0.02s             1           0  0.16s           2023-09-26T19:11:50
================================================================================
[2023-09-26T19:12:50.570+0000] {manager.py:893} INFO - 
================================================================================
DAG File Processing Stats

File Path                              PID  Runtime      # DAGs    # Errors  Last Runtime    Last Run
-----------------------------------  -----  ---------  --------  ----------  --------------  -------------------
/opt/airflow/dags/check_pg.py          247  0.00s             1           0  0.19s           2023-09-26T19:12:20
/opt/airflow/dags/data_ingestion.py    244  0.02s             1           0  0.21s           2023-09-26T19:12:20
================================================================================
[2023-09-26T19:13:20.879+0000] {manager.py:893} INFO - 
================================================================================
DAG File Processing Stats

File Path                              PID  Runtime      # DAGs    # Errors  Last Runtime    Last Run
-----------------------------------  -----  ---------  --------  ----------  --------------  -------------------
/opt/airflow/dags/check_pg.py          264  0.00s             1           0  0.16s           2023-09-26T19:12:50
/opt/airflow/dags/data_ingestion.py    261  0.02s             1           0  0.17s           2023-09-26T19:12:50
================================================================================
[2023-09-26T19:13:51.143+0000] {manager.py:893} INFO - 
================================================================================
DAG File Processing Stats

File Path                              PID  Runtime      # DAGs    # Errors  Last Runtime    Last Run
-----------------------------------  -----  ---------  --------  ----------  --------------  -------------------
/opt/airflow/dags/check_pg.py          281  0.00s             1           0  0.17s           2023-09-26T19:13:21
/opt/airflow/dags/data_ingestion.py    278  0.02s             1           0  0.18s           2023-09-26T19:13:21
================================================================================
[2023-09-26T19:14:21.465+0000] {manager.py:893} INFO - 
================================================================================
DAG File Processing Stats

File Path                              PID  Runtime      # DAGs    # Errors  Last Runtime    Last Run
-----------------------------------  -----  ---------  --------  ----------  --------------  -------------------
/opt/airflow/dags/check_pg.py          298  0.00s             1           0  0.16s           2023-09-26T19:13:51
/opt/airflow/dags/data_ingestion.py    295  0.02s             1           0  0.17s           2023-09-26T19:13:51
================================================================================
[2023-09-26T19:14:51.717+0000] {manager.py:893} INFO - 
================================================================================
DAG File Processing Stats

File Path                              PID  Runtime      # DAGs    # Errors  Last Runtime    Last Run
-----------------------------------  -----  ---------  --------  ----------  --------------  -------------------
/opt/airflow/dags/check_pg.py          315  0.00s             1           0  0.16s           2023-09-26T19:14:21
/opt/airflow/dags/data_ingestion.py    312  0.02s             1           0  0.17s           2023-09-26T19:14:21
================================================================================
[2023-09-26T19:15:18.992+0000] {manager.py:759} INFO - Searching for files in /opt/airflow/dags
[2023-09-26T19:15:19.053+0000] {manager.py:762} INFO - There are 2 files in /opt/airflow/dags
[2023-09-26T19:15:22.120+0000] {manager.py:893} INFO - 
================================================================================
DAG File Processing Stats

File Path                              PID  Runtime      # DAGs    # Errors  Last Runtime    Last Run
-----------------------------------  -----  ---------  --------  ----------  --------------  -------------------
/opt/airflow/dags/check_pg.py          332  0.00s             1           0  0.15s           2023-09-26T19:14:51
/opt/airflow/dags/data_ingestion.py    329  0.02s             1           0  0.16s           2023-09-26T19:14:51
================================================================================
[2023-09-26T19:15:52.363+0000] {manager.py:893} INFO - 
================================================================================
DAG File Processing Stats

File Path                              PID  Runtime      # DAGs    # Errors  Last Runtime    Last Run
-----------------------------------  -----  ---------  --------  ----------  --------------  -------------------
/opt/airflow/dags/check_pg.py          349  0.00s             1           0  0.15s           2023-09-26T19:15:22
/opt/airflow/dags/data_ingestion.py    346  0.02s             1           0  0.15s           2023-09-26T19:15:22
================================================================================
[2023-09-26T19:16:22.686+0000] {manager.py:893} INFO - 
================================================================================
DAG File Processing Stats

File Path                              PID  Runtime      # DAGs    # Errors  Last Runtime    Last Run
-----------------------------------  -----  ---------  --------  ----------  --------------  -------------------
/opt/airflow/dags/check_pg.py          366  0.00s             1           0  0.14s           2023-09-26T19:15:52
/opt/airflow/dags/data_ingestion.py    363  0.02s             1           0  0.15s           2023-09-26T19:15:52
================================================================================
[2023-09-26T19:16:52.922+0000] {manager.py:893} INFO - 
================================================================================
DAG File Processing Stats

File Path                              PID  Runtime      # DAGs    # Errors  Last Runtime    Last Run
-----------------------------------  -----  ---------  --------  ----------  --------------  -------------------
/opt/airflow/dags/check_pg.py          383  0.00s             1           0  0.15s           2023-09-26T19:16:22
/opt/airflow/dags/data_ingestion.py    380  0.02s             1           0  0.18s           2023-09-26T19:16:22
================================================================================
[2023-09-26T19:17:23.228+0000] {manager.py:893} INFO - 
================================================================================
DAG File Processing Stats

File Path                              PID  Runtime      # DAGs    # Errors  Last Runtime    Last Run
-----------------------------------  -----  ---------  --------  ----------  --------------  -------------------
/opt/airflow/dags/check_pg.py          400  0.00s             1           0  0.15s           2023-09-26T19:16:53
/opt/airflow/dags/data_ingestion.py    397  0.02s             1           0  0.15s           2023-09-26T19:16:53
================================================================================
[2023-09-26T19:17:53.481+0000] {manager.py:893} INFO - 
================================================================================
DAG File Processing Stats

File Path                              PID  Runtime      # DAGs    # Errors  Last Runtime    Last Run
-----------------------------------  -----  ---------  --------  ----------  --------------  -------------------
/opt/airflow/dags/check_pg.py          417  0.00s             1           0  0.16s           2023-09-26T19:17:23
/opt/airflow/dags/data_ingestion.py    414  0.02s             1           0  0.17s           2023-09-26T19:17:23
================================================================================
[2023-09-26T19:18:23.805+0000] {manager.py:893} INFO - 
================================================================================
DAG File Processing Stats

File Path                              PID  Runtime      # DAGs    # Errors  Last Runtime    Last Run
-----------------------------------  -----  ---------  --------  ----------  --------------  -------------------
/opt/airflow/dags/check_pg.py          434  0.00s             1           0  0.16s           2023-09-26T19:17:53
/opt/airflow/dags/data_ingestion.py    431  0.02s             1           0  0.17s           2023-09-26T19:17:53
================================================================================
[2023-09-26T19:18:54.051+0000] {manager.py:893} INFO - 
================================================================================
DAG File Processing Stats

File Path                              PID  Runtime      # DAGs    # Errors  Last Runtime    Last Run
-----------------------------------  -----  ---------  --------  ----------  --------------  -------------------
/opt/airflow/dags/check_pg.py          451  0.01s             1           0  0.14s           2023-09-26T19:18:23
/opt/airflow/dags/data_ingestion.py    448  0.02s             1           0  0.15s           2023-09-26T19:18:23
================================================================================
[2023-09-26T19:19:24.370+0000] {manager.py:893} INFO - 
================================================================================
DAG File Processing Stats

File Path                              PID  Runtime      # DAGs    # Errors  Last Runtime    Last Run
-----------------------------------  -----  ---------  --------  ----------  --------------  -------------------
/opt/airflow/dags/check_pg.py          468  0.01s             1           0  0.15s           2023-09-26T19:18:54
/opt/airflow/dags/data_ingestion.py    465  0.03s             1           0  0.16s           2023-09-26T19:18:54
================================================================================
[2023-09-26T19:19:54.622+0000] {manager.py:893} INFO - 
================================================================================
DAG File Processing Stats

File Path                              PID  Runtime      # DAGs    # Errors  Last Runtime    Last Run
-----------------------------------  -----  ---------  --------  ----------  --------------  -------------------
/opt/airflow/dags/check_pg.py          485  0.00s             1           0  0.17s           2023-09-26T19:19:24
/opt/airflow/dags/data_ingestion.py    482  0.02s             1           0  0.18s           2023-09-26T19:19:24
================================================================================
[2023-09-26T19:20:19.884+0000] {manager.py:759} INFO - Searching for files in /opt/airflow/dags
[2023-09-26T19:20:19.953+0000] {manager.py:762} INFO - There are 2 files in /opt/airflow/dags
[2023-09-26T19:20:25.035+0000] {manager.py:893} INFO - 
================================================================================
DAG File Processing Stats

File Path                              PID  Runtime      # DAGs    # Errors  Last Runtime    Last Run
-----------------------------------  -----  ---------  --------  ----------  --------------  -------------------
/opt/airflow/dags/check_pg.py          502  0.00s             1           0  0.17s           2023-09-26T19:19:54
/opt/airflow/dags/data_ingestion.py    499  0.02s             1           0  0.18s           2023-09-26T19:19:54
================================================================================
[2023-09-26T19:20:55.424+0000] {manager.py:893} INFO - 
================================================================================
DAG File Processing Stats

File Path                              PID  Runtime      # DAGs    # Errors  Last Runtime    Last Run
-----------------------------------  -----  ---------  --------  ----------  --------------  -------------------
/opt/airflow/dags/check_pg.py          519  0.00s             1           0  0.30s           2023-09-26T19:20:25
/opt/airflow/dags/data_ingestion.py    516  0.02s             1           0  0.17s           2023-09-26T19:20:25
================================================================================
[2023-09-26T19:21:25.759+0000] {manager.py:893} INFO - 
================================================================================
DAG File Processing Stats

File Path                              PID  Runtime      # DAGs    # Errors  Last Runtime    Last Run
-----------------------------------  -----  ---------  --------  ----------  --------------  -------------------
/opt/airflow/dags/check_pg.py          536  0.00s             1           0  0.29s           2023-09-26T19:20:55
/opt/airflow/dags/data_ingestion.py    533  0.02s             1           0  0.30s           2023-09-26T19:20:55
================================================================================
[2023-09-26T19:21:56.125+0000] {manager.py:893} INFO - 
================================================================================
DAG File Processing Stats

File Path                              PID  Runtime      # DAGs    # Errors  Last Runtime    Last Run
-----------------------------------  -----  ---------  --------  ----------  --------------  -------------------
/opt/airflow/dags/check_pg.py          553  0.00s             1           0  0.16s           2023-09-26T19:21:25
/opt/airflow/dags/data_ingestion.py    550  0.02s             1           0  0.18s           2023-09-26T19:21:25
================================================================================
[2023-09-26T19:22:26.378+0000] {manager.py:893} INFO - 
================================================================================
DAG File Processing Stats

File Path                              PID  Runtime      # DAGs    # Errors  Last Runtime    Last Run
-----------------------------------  -----  ---------  --------  ----------  --------------  -------------------
/opt/airflow/dags/check_pg.py          570  0.00s             1           0  0.15s           2023-09-26T19:21:56
/opt/airflow/dags/data_ingestion.py    567  0.02s             1           0  0.16s           2023-09-26T19:21:56
================================================================================
[2023-09-26T19:22:56.686+0000] {manager.py:893} INFO - 
================================================================================
DAG File Processing Stats

File Path                              PID  Runtime      # DAGs    # Errors  Last Runtime    Last Run
-----------------------------------  -----  ---------  --------  ----------  --------------  -------------------
/opt/airflow/dags/check_pg.py          587  0.00s             1           0  0.17s           2023-09-26T19:22:26
/opt/airflow/dags/data_ingestion.py    584  0.02s             1           0  0.18s           2023-09-26T19:22:26
================================================================================
