[2023-09-26T19:10:18.894+0000] {processor.py:157} INFO - Started process (PID=162) to work on /opt/airflow/dags/check_pg.py
[2023-09-26T19:10:18.895+0000] {processor.py:829} INFO - Processing file /opt/airflow/dags/check_pg.py for tasks to queue
[2023-09-26T19:10:18.897+0000] {logging_mixin.py:151} INFO - [2023-09-26T19:10:18.896+0000] {dagbag.py:539} INFO - Filling up the DagBag from /opt/airflow/dags/check_pg.py
[2023-09-26T19:10:18.950+0000] {processor.py:839} INFO - DAG(s) dict_keys(['check_pg']) retrieved from /opt/airflow/dags/check_pg.py
[2023-09-26T19:10:19.129+0000] {logging_mixin.py:151} INFO - [2023-09-26T19:10:19.128+0000] {manager.py:499} INFO - Created Permission View: %s
[2023-09-26T19:10:19.141+0000] {logging_mixin.py:151} INFO - [2023-09-26T19:10:19.141+0000] {manager.py:499} INFO - Created Permission View: %s
[2023-09-26T19:10:19.149+0000] {logging_mixin.py:151} INFO - [2023-09-26T19:10:19.149+0000] {manager.py:499} INFO - Created Permission View: %s
[2023-09-26T19:10:19.150+0000] {logging_mixin.py:151} INFO - [2023-09-26T19:10:19.150+0000] {security.py:708} INFO - Not syncing DAG-level permissions for DAG 'DAG:check_pg' as access control is unset.
[2023-09-26T19:10:19.150+0000] {logging_mixin.py:151} INFO - [2023-09-26T19:10:19.150+0000] {dag.py:2915} INFO - Sync 1 DAGs
[2023-09-26T19:10:19.162+0000] {logging_mixin.py:151} INFO - [2023-09-26T19:10:19.162+0000] {dag.py:2937} INFO - Creating ORM DAG for check_pg
[2023-09-26T19:10:19.173+0000] {logging_mixin.py:151} INFO - [2023-09-26T19:10:19.172+0000] {dag.py:3696} INFO - Setting next_dagrun for check_pg to 2022-12-31T21:10:00+00:00, run_after=2023-01-01T21:10:00+00:00
[2023-09-26T19:10:19.201+0000] {processor.py:179} INFO - Processing /opt/airflow/dags/check_pg.py took 0.310 seconds
[2023-09-26T19:10:49.458+0000] {processor.py:157} INFO - Started process (PID=179) to work on /opt/airflow/dags/check_pg.py
[2023-09-26T19:10:49.459+0000] {processor.py:829} INFO - Processing file /opt/airflow/dags/check_pg.py for tasks to queue
[2023-09-26T19:10:49.461+0000] {logging_mixin.py:151} INFO - [2023-09-26T19:10:49.461+0000] {dagbag.py:539} INFO - Filling up the DagBag from /opt/airflow/dags/check_pg.py
[2023-09-26T19:10:49.505+0000] {processor.py:839} INFO - DAG(s) dict_keys(['check_pg']) retrieved from /opt/airflow/dags/check_pg.py
[2023-09-26T19:10:49.538+0000] {logging_mixin.py:151} INFO - [2023-09-26T19:10:49.538+0000] {dag.py:2915} INFO - Sync 1 DAGs
[2023-09-26T19:10:49.560+0000] {logging_mixin.py:151} INFO - [2023-09-26T19:10:49.560+0000] {dag.py:3696} INFO - Setting next_dagrun for check_pg to 2022-12-31T21:10:00+00:00, run_after=2023-01-01T21:10:00+00:00
[2023-09-26T19:10:49.583+0000] {processor.py:179} INFO - Processing /opt/airflow/dags/check_pg.py took 0.129 seconds
[2023-09-26T19:11:19.685+0000] {processor.py:157} INFO - Started process (PID=196) to work on /opt/airflow/dags/check_pg.py
[2023-09-26T19:11:19.686+0000] {processor.py:829} INFO - Processing file /opt/airflow/dags/check_pg.py for tasks to queue
[2023-09-26T19:11:19.687+0000] {logging_mixin.py:151} INFO - [2023-09-26T19:11:19.687+0000] {dagbag.py:539} INFO - Filling up the DagBag from /opt/airflow/dags/check_pg.py
[2023-09-26T19:11:19.726+0000] {processor.py:839} INFO - DAG(s) dict_keys(['check_pg']) retrieved from /opt/airflow/dags/check_pg.py
[2023-09-26T19:11:19.755+0000] {logging_mixin.py:151} INFO - [2023-09-26T19:11:19.755+0000] {dag.py:2915} INFO - Sync 1 DAGs
[2023-09-26T19:11:19.776+0000] {logging_mixin.py:151} INFO - [2023-09-26T19:11:19.776+0000] {dag.py:3696} INFO - Setting next_dagrun for check_pg to 2022-12-31T21:10:00+00:00, run_after=2023-01-01T21:10:00+00:00
[2023-09-26T19:11:19.798+0000] {processor.py:179} INFO - Processing /opt/airflow/dags/check_pg.py took 0.116 seconds
[2023-09-26T19:11:50.035+0000] {processor.py:157} INFO - Started process (PID=213) to work on /opt/airflow/dags/check_pg.py
[2023-09-26T19:11:50.036+0000] {processor.py:829} INFO - Processing file /opt/airflow/dags/check_pg.py for tasks to queue
[2023-09-26T19:11:50.037+0000] {logging_mixin.py:151} INFO - [2023-09-26T19:11:50.037+0000] {dagbag.py:539} INFO - Filling up the DagBag from /opt/airflow/dags/check_pg.py
[2023-09-26T19:11:50.079+0000] {processor.py:839} INFO - DAG(s) dict_keys(['check_pg']) retrieved from /opt/airflow/dags/check_pg.py
[2023-09-26T19:11:50.110+0000] {logging_mixin.py:151} INFO - [2023-09-26T19:11:50.109+0000] {dag.py:2915} INFO - Sync 1 DAGs
[2023-09-26T19:11:50.130+0000] {logging_mixin.py:151} INFO - [2023-09-26T19:11:50.129+0000] {dag.py:3696} INFO - Setting next_dagrun for check_pg to 2022-12-31T21:10:00+00:00, run_after=2023-01-01T21:10:00+00:00
[2023-09-26T19:11:50.153+0000] {processor.py:179} INFO - Processing /opt/airflow/dags/check_pg.py took 0.121 seconds
[2023-09-26T19:12:20.297+0000] {processor.py:157} INFO - Started process (PID=230) to work on /opt/airflow/dags/check_pg.py
[2023-09-26T19:12:20.298+0000] {processor.py:829} INFO - Processing file /opt/airflow/dags/check_pg.py for tasks to queue
[2023-09-26T19:12:20.300+0000] {logging_mixin.py:151} INFO - [2023-09-26T19:12:20.300+0000] {dagbag.py:539} INFO - Filling up the DagBag from /opt/airflow/dags/check_pg.py
[2023-09-26T19:12:20.351+0000] {processor.py:839} INFO - DAG(s) dict_keys(['check_pg']) retrieved from /opt/airflow/dags/check_pg.py
[2023-09-26T19:12:20.390+0000] {logging_mixin.py:151} INFO - [2023-09-26T19:12:20.389+0000] {dag.py:2915} INFO - Sync 1 DAGs
[2023-09-26T19:12:20.419+0000] {logging_mixin.py:151} INFO - [2023-09-26T19:12:20.418+0000] {dag.py:3696} INFO - Setting next_dagrun for check_pg to 2022-12-31T21:10:00+00:00, run_after=2023-01-01T21:10:00+00:00
[2023-09-26T19:12:20.447+0000] {processor.py:179} INFO - Processing /opt/airflow/dags/check_pg.py took 0.157 seconds
[2023-09-26T19:12:50.585+0000] {processor.py:157} INFO - Started process (PID=247) to work on /opt/airflow/dags/check_pg.py
[2023-09-26T19:12:50.587+0000] {processor.py:829} INFO - Processing file /opt/airflow/dags/check_pg.py for tasks to queue
[2023-09-26T19:12:50.588+0000] {logging_mixin.py:151} INFO - [2023-09-26T19:12:50.588+0000] {dagbag.py:539} INFO - Filling up the DagBag from /opt/airflow/dags/check_pg.py
[2023-09-26T19:12:50.632+0000] {processor.py:839} INFO - DAG(s) dict_keys(['check_pg']) retrieved from /opt/airflow/dags/check_pg.py
[2023-09-26T19:12:50.666+0000] {logging_mixin.py:151} INFO - [2023-09-26T19:12:50.666+0000] {dag.py:2915} INFO - Sync 1 DAGs
[2023-09-26T19:12:50.689+0000] {logging_mixin.py:151} INFO - [2023-09-26T19:12:50.689+0000] {dag.py:3696} INFO - Setting next_dagrun for check_pg to 2022-12-31T21:10:00+00:00, run_after=2023-01-01T21:10:00+00:00
[2023-09-26T19:12:50.711+0000] {processor.py:179} INFO - Processing /opt/airflow/dags/check_pg.py took 0.129 seconds
[2023-09-26T19:13:20.897+0000] {processor.py:157} INFO - Started process (PID=264) to work on /opt/airflow/dags/check_pg.py
[2023-09-26T19:13:20.899+0000] {processor.py:829} INFO - Processing file /opt/airflow/dags/check_pg.py for tasks to queue
[2023-09-26T19:13:20.900+0000] {logging_mixin.py:151} INFO - [2023-09-26T19:13:20.900+0000] {dagbag.py:539} INFO - Filling up the DagBag from /opt/airflow/dags/check_pg.py
[2023-09-26T19:13:20.949+0000] {processor.py:839} INFO - DAG(s) dict_keys(['check_pg']) retrieved from /opt/airflow/dags/check_pg.py
[2023-09-26T19:13:20.982+0000] {logging_mixin.py:151} INFO - [2023-09-26T19:13:20.982+0000] {dag.py:2915} INFO - Sync 1 DAGs
[2023-09-26T19:13:21.005+0000] {logging_mixin.py:151} INFO - [2023-09-26T19:13:21.005+0000] {dag.py:3696} INFO - Setting next_dagrun for check_pg to 2022-12-31T21:10:00+00:00, run_after=2023-01-01T21:10:00+00:00
[2023-09-26T19:13:21.031+0000] {processor.py:179} INFO - Processing /opt/airflow/dags/check_pg.py took 0.137 seconds
[2023-09-26T19:13:51.161+0000] {processor.py:157} INFO - Started process (PID=281) to work on /opt/airflow/dags/check_pg.py
[2023-09-26T19:13:51.162+0000] {processor.py:829} INFO - Processing file /opt/airflow/dags/check_pg.py for tasks to queue
[2023-09-26T19:13:51.163+0000] {logging_mixin.py:151} INFO - [2023-09-26T19:13:51.163+0000] {dagbag.py:539} INFO - Filling up the DagBag from /opt/airflow/dags/check_pg.py
[2023-09-26T19:13:51.206+0000] {processor.py:839} INFO - DAG(s) dict_keys(['check_pg']) retrieved from /opt/airflow/dags/check_pg.py
[2023-09-26T19:13:51.236+0000] {logging_mixin.py:151} INFO - [2023-09-26T19:13:51.236+0000] {dag.py:2915} INFO - Sync 1 DAGs
[2023-09-26T19:13:51.258+0000] {logging_mixin.py:151} INFO - [2023-09-26T19:13:51.258+0000] {dag.py:3696} INFO - Setting next_dagrun for check_pg to 2022-12-31T21:10:00+00:00, run_after=2023-01-01T21:10:00+00:00
[2023-09-26T19:13:51.283+0000] {processor.py:179} INFO - Processing /opt/airflow/dags/check_pg.py took 0.126 seconds
[2023-09-26T19:14:21.485+0000] {processor.py:157} INFO - Started process (PID=298) to work on /opt/airflow/dags/check_pg.py
[2023-09-26T19:14:21.486+0000] {processor.py:829} INFO - Processing file /opt/airflow/dags/check_pg.py for tasks to queue
[2023-09-26T19:14:21.488+0000] {logging_mixin.py:151} INFO - [2023-09-26T19:14:21.487+0000] {dagbag.py:539} INFO - Filling up the DagBag from /opt/airflow/dags/check_pg.py
[2023-09-26T19:14:21.536+0000] {processor.py:839} INFO - DAG(s) dict_keys(['check_pg']) retrieved from /opt/airflow/dags/check_pg.py
[2023-09-26T19:14:21.567+0000] {logging_mixin.py:151} INFO - [2023-09-26T19:14:21.567+0000] {dag.py:2915} INFO - Sync 1 DAGs
[2023-09-26T19:14:21.589+0000] {logging_mixin.py:151} INFO - [2023-09-26T19:14:21.589+0000] {dag.py:3696} INFO - Setting next_dagrun for check_pg to 2022-12-31T21:10:00+00:00, run_after=2023-01-01T21:10:00+00:00
[2023-09-26T19:14:21.611+0000] {processor.py:179} INFO - Processing /opt/airflow/dags/check_pg.py took 0.130 seconds
[2023-09-26T19:14:51.733+0000] {processor.py:157} INFO - Started process (PID=315) to work on /opt/airflow/dags/check_pg.py
[2023-09-26T19:14:51.734+0000] {processor.py:829} INFO - Processing file /opt/airflow/dags/check_pg.py for tasks to queue
[2023-09-26T19:14:51.735+0000] {logging_mixin.py:151} INFO - [2023-09-26T19:14:51.735+0000] {dagbag.py:539} INFO - Filling up the DagBag from /opt/airflow/dags/check_pg.py
[2023-09-26T19:14:51.776+0000] {processor.py:839} INFO - DAG(s) dict_keys(['check_pg']) retrieved from /opt/airflow/dags/check_pg.py
[2023-09-26T19:14:51.805+0000] {logging_mixin.py:151} INFO - [2023-09-26T19:14:51.805+0000] {dag.py:2915} INFO - Sync 1 DAGs
[2023-09-26T19:14:51.826+0000] {logging_mixin.py:151} INFO - [2023-09-26T19:14:51.825+0000] {dag.py:3696} INFO - Setting next_dagrun for check_pg to 2022-12-31T21:10:00+00:00, run_after=2023-01-01T21:10:00+00:00
[2023-09-26T19:14:51.850+0000] {processor.py:179} INFO - Processing /opt/airflow/dags/check_pg.py took 0.120 seconds
[2023-09-26T19:15:22.134+0000] {processor.py:157} INFO - Started process (PID=332) to work on /opt/airflow/dags/check_pg.py
[2023-09-26T19:15:22.135+0000] {processor.py:829} INFO - Processing file /opt/airflow/dags/check_pg.py for tasks to queue
[2023-09-26T19:15:22.137+0000] {logging_mixin.py:151} INFO - [2023-09-26T19:15:22.136+0000] {dagbag.py:539} INFO - Filling up the DagBag from /opt/airflow/dags/check_pg.py
[2023-09-26T19:15:22.176+0000] {processor.py:839} INFO - DAG(s) dict_keys(['check_pg']) retrieved from /opt/airflow/dags/check_pg.py
[2023-09-26T19:15:22.205+0000] {logging_mixin.py:151} INFO - [2023-09-26T19:15:22.205+0000] {dag.py:2915} INFO - Sync 1 DAGs
[2023-09-26T19:15:22.228+0000] {logging_mixin.py:151} INFO - [2023-09-26T19:15:22.228+0000] {dag.py:3696} INFO - Setting next_dagrun for check_pg to 2022-12-31T21:10:00+00:00, run_after=2023-01-01T21:10:00+00:00
[2023-09-26T19:15:22.250+0000] {processor.py:179} INFO - Processing /opt/airflow/dags/check_pg.py took 0.118 seconds
[2023-09-26T19:15:52.380+0000] {processor.py:157} INFO - Started process (PID=349) to work on /opt/airflow/dags/check_pg.py
[2023-09-26T19:15:52.381+0000] {processor.py:829} INFO - Processing file /opt/airflow/dags/check_pg.py for tasks to queue
[2023-09-26T19:15:52.383+0000] {logging_mixin.py:151} INFO - [2023-09-26T19:15:52.383+0000] {dagbag.py:539} INFO - Filling up the DagBag from /opt/airflow/dags/check_pg.py
[2023-09-26T19:15:52.424+0000] {processor.py:839} INFO - DAG(s) dict_keys(['check_pg']) retrieved from /opt/airflow/dags/check_pg.py
[2023-09-26T19:15:52.453+0000] {logging_mixin.py:151} INFO - [2023-09-26T19:15:52.453+0000] {dag.py:2915} INFO - Sync 1 DAGs
[2023-09-26T19:15:52.473+0000] {logging_mixin.py:151} INFO - [2023-09-26T19:15:52.473+0000] {dag.py:3696} INFO - Setting next_dagrun for check_pg to 2022-12-31T21:10:00+00:00, run_after=2023-01-01T21:10:00+00:00
[2023-09-26T19:15:52.493+0000] {processor.py:179} INFO - Processing /opt/airflow/dags/check_pg.py took 0.118 seconds
[2023-09-26T19:16:22.703+0000] {processor.py:157} INFO - Started process (PID=366) to work on /opt/airflow/dags/check_pg.py
[2023-09-26T19:16:22.704+0000] {processor.py:829} INFO - Processing file /opt/airflow/dags/check_pg.py for tasks to queue
[2023-09-26T19:16:22.705+0000] {logging_mixin.py:151} INFO - [2023-09-26T19:16:22.705+0000] {dagbag.py:539} INFO - Filling up the DagBag from /opt/airflow/dags/check_pg.py
[2023-09-26T19:16:22.746+0000] {processor.py:839} INFO - DAG(s) dict_keys(['check_pg']) retrieved from /opt/airflow/dags/check_pg.py
[2023-09-26T19:16:22.780+0000] {logging_mixin.py:151} INFO - [2023-09-26T19:16:22.780+0000] {dag.py:2915} INFO - Sync 1 DAGs
[2023-09-26T19:16:22.802+0000] {logging_mixin.py:151} INFO - [2023-09-26T19:16:22.802+0000] {dag.py:3696} INFO - Setting next_dagrun for check_pg to 2022-12-31T21:10:00+00:00, run_after=2023-01-01T21:10:00+00:00
[2023-09-26T19:16:22.826+0000] {processor.py:179} INFO - Processing /opt/airflow/dags/check_pg.py took 0.126 seconds
[2023-09-26T19:16:52.938+0000] {processor.py:157} INFO - Started process (PID=383) to work on /opt/airflow/dags/check_pg.py
[2023-09-26T19:16:52.939+0000] {processor.py:829} INFO - Processing file /opt/airflow/dags/check_pg.py for tasks to queue
[2023-09-26T19:16:52.940+0000] {logging_mixin.py:151} INFO - [2023-09-26T19:16:52.940+0000] {dagbag.py:539} INFO - Filling up the DagBag from /opt/airflow/dags/check_pg.py
[2023-09-26T19:16:52.980+0000] {processor.py:839} INFO - DAG(s) dict_keys(['check_pg']) retrieved from /opt/airflow/dags/check_pg.py
[2023-09-26T19:16:53.009+0000] {logging_mixin.py:151} INFO - [2023-09-26T19:16:53.009+0000] {dag.py:2915} INFO - Sync 1 DAGs
[2023-09-26T19:16:53.029+0000] {logging_mixin.py:151} INFO - [2023-09-26T19:16:53.028+0000] {dag.py:3696} INFO - Setting next_dagrun for check_pg to 2022-12-31T21:10:00+00:00, run_after=2023-01-01T21:10:00+00:00
[2023-09-26T19:16:53.050+0000] {processor.py:179} INFO - Processing /opt/airflow/dags/check_pg.py took 0.115 seconds
[2023-09-26T19:17:23.248+0000] {processor.py:157} INFO - Started process (PID=400) to work on /opt/airflow/dags/check_pg.py
[2023-09-26T19:17:23.249+0000] {processor.py:829} INFO - Processing file /opt/airflow/dags/check_pg.py for tasks to queue
[2023-09-26T19:17:23.251+0000] {logging_mixin.py:151} INFO - [2023-09-26T19:17:23.250+0000] {dagbag.py:539} INFO - Filling up the DagBag from /opt/airflow/dags/check_pg.py
[2023-09-26T19:17:23.296+0000] {processor.py:839} INFO - DAG(s) dict_keys(['check_pg']) retrieved from /opt/airflow/dags/check_pg.py
[2023-09-26T19:17:23.326+0000] {logging_mixin.py:151} INFO - [2023-09-26T19:17:23.326+0000] {dag.py:2915} INFO - Sync 1 DAGs
[2023-09-26T19:17:23.346+0000] {logging_mixin.py:151} INFO - [2023-09-26T19:17:23.346+0000] {dag.py:3696} INFO - Setting next_dagrun for check_pg to 2022-12-31T21:10:00+00:00, run_after=2023-01-01T21:10:00+00:00
[2023-09-26T19:17:23.373+0000] {processor.py:179} INFO - Processing /opt/airflow/dags/check_pg.py took 0.127 seconds
[2023-09-26T19:17:53.497+0000] {processor.py:157} INFO - Started process (PID=417) to work on /opt/airflow/dags/check_pg.py
[2023-09-26T19:17:53.499+0000] {processor.py:829} INFO - Processing file /opt/airflow/dags/check_pg.py for tasks to queue
[2023-09-26T19:17:53.501+0000] {logging_mixin.py:151} INFO - [2023-09-26T19:17:53.501+0000] {dagbag.py:539} INFO - Filling up the DagBag from /opt/airflow/dags/check_pg.py
[2023-09-26T19:17:53.544+0000] {processor.py:839} INFO - DAG(s) dict_keys(['check_pg']) retrieved from /opt/airflow/dags/check_pg.py
[2023-09-26T19:17:53.577+0000] {logging_mixin.py:151} INFO - [2023-09-26T19:17:53.577+0000] {dag.py:2915} INFO - Sync 1 DAGs
[2023-09-26T19:17:53.601+0000] {logging_mixin.py:151} INFO - [2023-09-26T19:17:53.601+0000] {dag.py:3696} INFO - Setting next_dagrun for check_pg to 2022-12-31T21:10:00+00:00, run_after=2023-01-01T21:10:00+00:00
[2023-09-26T19:17:53.625+0000] {processor.py:179} INFO - Processing /opt/airflow/dags/check_pg.py took 0.131 seconds
[2023-09-26T19:18:23.820+0000] {processor.py:157} INFO - Started process (PID=434) to work on /opt/airflow/dags/check_pg.py
[2023-09-26T19:18:23.821+0000] {processor.py:829} INFO - Processing file /opt/airflow/dags/check_pg.py for tasks to queue
[2023-09-26T19:18:23.822+0000] {logging_mixin.py:151} INFO - [2023-09-26T19:18:23.822+0000] {dagbag.py:539} INFO - Filling up the DagBag from /opt/airflow/dags/check_pg.py
[2023-09-26T19:18:23.863+0000] {processor.py:839} INFO - DAG(s) dict_keys(['check_pg']) retrieved from /opt/airflow/dags/check_pg.py
[2023-09-26T19:18:23.891+0000] {logging_mixin.py:151} INFO - [2023-09-26T19:18:23.891+0000] {dag.py:2915} INFO - Sync 1 DAGs
[2023-09-26T19:18:23.912+0000] {logging_mixin.py:151} INFO - [2023-09-26T19:18:23.911+0000] {dag.py:3696} INFO - Setting next_dagrun for check_pg to 2022-12-31T21:10:00+00:00, run_after=2023-01-01T21:10:00+00:00
[2023-09-26T19:18:23.933+0000] {processor.py:179} INFO - Processing /opt/airflow/dags/check_pg.py took 0.116 seconds
[2023-09-26T19:18:54.066+0000] {processor.py:157} INFO - Started process (PID=451) to work on /opt/airflow/dags/check_pg.py
[2023-09-26T19:18:54.067+0000] {processor.py:829} INFO - Processing file /opt/airflow/dags/check_pg.py for tasks to queue
[2023-09-26T19:18:54.068+0000] {logging_mixin.py:151} INFO - [2023-09-26T19:18:54.068+0000] {dagbag.py:539} INFO - Filling up the DagBag from /opt/airflow/dags/check_pg.py
[2023-09-26T19:18:54.109+0000] {processor.py:839} INFO - DAG(s) dict_keys(['check_pg']) retrieved from /opt/airflow/dags/check_pg.py
[2023-09-26T19:18:54.141+0000] {logging_mixin.py:151} INFO - [2023-09-26T19:18:54.141+0000] {dag.py:2915} INFO - Sync 1 DAGs
[2023-09-26T19:18:54.162+0000] {logging_mixin.py:151} INFO - [2023-09-26T19:18:54.162+0000] {dag.py:3696} INFO - Setting next_dagrun for check_pg to 2022-12-31T21:10:00+00:00, run_after=2023-01-01T21:10:00+00:00
[2023-09-26T19:18:54.185+0000] {processor.py:179} INFO - Processing /opt/airflow/dags/check_pg.py took 0.123 seconds
[2023-09-26T19:19:24.392+0000] {processor.py:157} INFO - Started process (PID=468) to work on /opt/airflow/dags/check_pg.py
[2023-09-26T19:19:24.394+0000] {processor.py:829} INFO - Processing file /opt/airflow/dags/check_pg.py for tasks to queue
[2023-09-26T19:19:24.395+0000] {logging_mixin.py:151} INFO - [2023-09-26T19:19:24.395+0000] {dagbag.py:539} INFO - Filling up the DagBag from /opt/airflow/dags/check_pg.py
[2023-09-26T19:19:24.443+0000] {processor.py:839} INFO - DAG(s) dict_keys(['check_pg']) retrieved from /opt/airflow/dags/check_pg.py
[2023-09-26T19:19:24.476+0000] {logging_mixin.py:151} INFO - [2023-09-26T19:19:24.475+0000] {dag.py:2915} INFO - Sync 1 DAGs
[2023-09-26T19:19:24.500+0000] {logging_mixin.py:151} INFO - [2023-09-26T19:19:24.500+0000] {dag.py:3696} INFO - Setting next_dagrun for check_pg to 2022-12-31T21:10:00+00:00, run_after=2023-01-01T21:10:00+00:00
[2023-09-26T19:19:24.523+0000] {processor.py:179} INFO - Processing /opt/airflow/dags/check_pg.py took 0.136 seconds
[2023-09-26T19:19:54.644+0000] {processor.py:157} INFO - Started process (PID=485) to work on /opt/airflow/dags/check_pg.py
[2023-09-26T19:19:54.645+0000] {processor.py:829} INFO - Processing file /opt/airflow/dags/check_pg.py for tasks to queue
[2023-09-26T19:19:54.647+0000] {logging_mixin.py:151} INFO - [2023-09-26T19:19:54.646+0000] {dagbag.py:539} INFO - Filling up the DagBag from /opt/airflow/dags/check_pg.py
[2023-09-26T19:19:54.694+0000] {processor.py:839} INFO - DAG(s) dict_keys(['check_pg']) retrieved from /opt/airflow/dags/check_pg.py
[2023-09-26T19:19:54.728+0000] {logging_mixin.py:151} INFO - [2023-09-26T19:19:54.728+0000] {dag.py:2915} INFO - Sync 1 DAGs
[2023-09-26T19:19:54.750+0000] {logging_mixin.py:151} INFO - [2023-09-26T19:19:54.750+0000] {dag.py:3696} INFO - Setting next_dagrun for check_pg to 2022-12-31T21:10:00+00:00, run_after=2023-01-01T21:10:00+00:00
[2023-09-26T19:19:54.773+0000] {processor.py:179} INFO - Processing /opt/airflow/dags/check_pg.py took 0.133 seconds
[2023-09-26T19:20:25.054+0000] {processor.py:157} INFO - Started process (PID=502) to work on /opt/airflow/dags/check_pg.py
[2023-09-26T19:20:25.056+0000] {processor.py:829} INFO - Processing file /opt/airflow/dags/check_pg.py for tasks to queue
[2023-09-26T19:20:25.058+0000] {logging_mixin.py:151} INFO - [2023-09-26T19:20:25.058+0000] {dagbag.py:539} INFO - Filling up the DagBag from /opt/airflow/dags/check_pg.py
[2023-09-26T19:20:25.102+0000] {processor.py:839} INFO - DAG(s) dict_keys(['check_pg']) retrieved from /opt/airflow/dags/check_pg.py
[2023-09-26T19:20:25.131+0000] {logging_mixin.py:151} INFO - [2023-09-26T19:20:25.131+0000] {dag.py:2915} INFO - Sync 1 DAGs
[2023-09-26T19:20:25.154+0000] {logging_mixin.py:151} INFO - [2023-09-26T19:20:25.154+0000] {dag.py:3696} INFO - Setting next_dagrun for check_pg to 2022-12-31T21:10:00+00:00, run_after=2023-01-01T21:10:00+00:00
[2023-09-26T19:20:25.320+0000] {processor.py:179} INFO - Processing /opt/airflow/dags/check_pg.py took 0.269 seconds
[2023-09-26T19:20:55.442+0000] {processor.py:157} INFO - Started process (PID=519) to work on /opt/airflow/dags/check_pg.py
[2023-09-26T19:20:55.444+0000] {processor.py:829} INFO - Processing file /opt/airflow/dags/check_pg.py for tasks to queue
[2023-09-26T19:20:55.445+0000] {logging_mixin.py:151} INFO - [2023-09-26T19:20:55.445+0000] {dagbag.py:539} INFO - Filling up the DagBag from /opt/airflow/dags/check_pg.py
[2023-09-26T19:20:55.492+0000] {processor.py:839} INFO - DAG(s) dict_keys(['check_pg']) retrieved from /opt/airflow/dags/check_pg.py
[2023-09-26T19:20:55.527+0000] {logging_mixin.py:151} INFO - [2023-09-26T19:20:55.527+0000] {dag.py:2915} INFO - Sync 1 DAGs
[2023-09-26T19:20:55.667+0000] {logging_mixin.py:151} INFO - [2023-09-26T19:20:55.667+0000] {dag.py:3696} INFO - Setting next_dagrun for check_pg to 2022-12-31T21:10:00+00:00, run_after=2023-01-01T21:10:00+00:00
[2023-09-26T19:20:55.691+0000] {processor.py:179} INFO - Processing /opt/airflow/dags/check_pg.py took 0.253 seconds
[2023-09-26T19:21:25.779+0000] {processor.py:157} INFO - Started process (PID=536) to work on /opt/airflow/dags/check_pg.py
[2023-09-26T19:21:25.781+0000] {processor.py:829} INFO - Processing file /opt/airflow/dags/check_pg.py for tasks to queue
[2023-09-26T19:21:25.783+0000] {logging_mixin.py:151} INFO - [2023-09-26T19:21:25.782+0000] {dagbag.py:539} INFO - Filling up the DagBag from /opt/airflow/dags/check_pg.py
[2023-09-26T19:21:25.826+0000] {processor.py:839} INFO - DAG(s) dict_keys(['check_pg']) retrieved from /opt/airflow/dags/check_pg.py
[2023-09-26T19:21:25.858+0000] {logging_mixin.py:151} INFO - [2023-09-26T19:21:25.858+0000] {dag.py:2915} INFO - Sync 1 DAGs
[2023-09-26T19:21:25.881+0000] {logging_mixin.py:151} INFO - [2023-09-26T19:21:25.881+0000] {dag.py:3696} INFO - Setting next_dagrun for check_pg to 2022-12-31T21:10:00+00:00, run_after=2023-01-01T21:10:00+00:00
[2023-09-26T19:21:25.905+0000] {processor.py:179} INFO - Processing /opt/airflow/dags/check_pg.py took 0.131 seconds
[2023-09-26T19:21:56.140+0000] {processor.py:157} INFO - Started process (PID=553) to work on /opt/airflow/dags/check_pg.py
[2023-09-26T19:21:56.142+0000] {processor.py:829} INFO - Processing file /opt/airflow/dags/check_pg.py for tasks to queue
[2023-09-26T19:21:56.143+0000] {logging_mixin.py:151} INFO - [2023-09-26T19:21:56.143+0000] {dagbag.py:539} INFO - Filling up the DagBag from /opt/airflow/dags/check_pg.py
[2023-09-26T19:21:56.186+0000] {processor.py:839} INFO - DAG(s) dict_keys(['check_pg']) retrieved from /opt/airflow/dags/check_pg.py
[2023-09-26T19:21:56.217+0000] {logging_mixin.py:151} INFO - [2023-09-26T19:21:56.217+0000] {dag.py:2915} INFO - Sync 1 DAGs
[2023-09-26T19:21:56.239+0000] {logging_mixin.py:151} INFO - [2023-09-26T19:21:56.239+0000] {dag.py:3696} INFO - Setting next_dagrun for check_pg to 2022-12-31T21:10:00+00:00, run_after=2023-01-01T21:10:00+00:00
[2023-09-26T19:21:56.260+0000] {processor.py:179} INFO - Processing /opt/airflow/dags/check_pg.py took 0.123 seconds
[2023-09-26T19:22:26.394+0000] {processor.py:157} INFO - Started process (PID=570) to work on /opt/airflow/dags/check_pg.py
[2023-09-26T19:22:26.395+0000] {processor.py:829} INFO - Processing file /opt/airflow/dags/check_pg.py for tasks to queue
[2023-09-26T19:22:26.397+0000] {logging_mixin.py:151} INFO - [2023-09-26T19:22:26.397+0000] {dagbag.py:539} INFO - Filling up the DagBag from /opt/airflow/dags/check_pg.py
[2023-09-26T19:22:26.444+0000] {processor.py:839} INFO - DAG(s) dict_keys(['check_pg']) retrieved from /opt/airflow/dags/check_pg.py
[2023-09-26T19:22:26.479+0000] {logging_mixin.py:151} INFO - [2023-09-26T19:22:26.479+0000] {dag.py:2915} INFO - Sync 1 DAGs
[2023-09-26T19:22:26.506+0000] {logging_mixin.py:151} INFO - [2023-09-26T19:22:26.506+0000] {dag.py:3696} INFO - Setting next_dagrun for check_pg to 2022-12-31T21:10:00+00:00, run_after=2023-01-01T21:10:00+00:00
[2023-09-26T19:22:26.531+0000] {processor.py:179} INFO - Processing /opt/airflow/dags/check_pg.py took 0.141 seconds
[2023-09-26T19:22:56.703+0000] {processor.py:157} INFO - Started process (PID=587) to work on /opt/airflow/dags/check_pg.py
[2023-09-26T19:22:56.704+0000] {processor.py:829} INFO - Processing file /opt/airflow/dags/check_pg.py for tasks to queue
[2023-09-26T19:22:56.706+0000] {logging_mixin.py:151} INFO - [2023-09-26T19:22:56.705+0000] {dagbag.py:539} INFO - Filling up the DagBag from /opt/airflow/dags/check_pg.py
[2023-09-26T19:22:56.743+0000] {processor.py:839} INFO - DAG(s) dict_keys(['check_pg']) retrieved from /opt/airflow/dags/check_pg.py
[2023-09-26T19:22:56.773+0000] {logging_mixin.py:151} INFO - [2023-09-26T19:22:56.773+0000] {dag.py:2915} INFO - Sync 1 DAGs
[2023-09-26T19:22:56.794+0000] {logging_mixin.py:151} INFO - [2023-09-26T19:22:56.793+0000] {dag.py:3696} INFO - Setting next_dagrun for check_pg to 2022-12-31T21:10:00+00:00, run_after=2023-01-01T21:10:00+00:00
[2023-09-26T19:22:56.817+0000] {processor.py:179} INFO - Processing /opt/airflow/dags/check_pg.py took 0.117 seconds
[2023-09-26T19:25:58.730+0000] {processor.py:157} INFO - Started process (PID=689) to work on /opt/airflow/dags/check_pg.py
[2023-09-26T19:25:58.731+0000] {processor.py:829} INFO - Processing file /opt/airflow/dags/check_pg.py for tasks to queue
[2023-09-26T19:25:58.732+0000] {logging_mixin.py:151} INFO - [2023-09-26T19:25:58.732+0000] {dagbag.py:539} INFO - Filling up the DagBag from /opt/airflow/dags/check_pg.py
[2023-09-26T19:25:58.773+0000] {processor.py:839} INFO - DAG(s) dict_keys(['check_pg']) retrieved from /opt/airflow/dags/check_pg.py
[2023-09-26T19:25:58.803+0000] {logging_mixin.py:151} INFO - [2023-09-26T19:25:58.803+0000] {dag.py:2915} INFO - Sync 1 DAGs
[2023-09-26T19:25:58.825+0000] {logging_mixin.py:151} INFO - [2023-09-26T19:25:58.824+0000] {dag.py:3696} INFO - Setting next_dagrun for check_pg to 2022-12-31T21:10:00+00:00, run_after=2023-01-01T21:10:00+00:00
[2023-09-26T19:25:58.848+0000] {processor.py:179} INFO - Processing /opt/airflow/dags/check_pg.py took 0.121 seconds
[2023-09-26T19:26:29.043+0000] {processor.py:157} INFO - Started process (PID=706) to work on /opt/airflow/dags/check_pg.py
[2023-09-26T19:26:29.044+0000] {processor.py:829} INFO - Processing file /opt/airflow/dags/check_pg.py for tasks to queue
[2023-09-26T19:26:29.046+0000] {logging_mixin.py:151} INFO - [2023-09-26T19:26:29.046+0000] {dagbag.py:539} INFO - Filling up the DagBag from /opt/airflow/dags/check_pg.py
[2023-09-26T19:26:29.090+0000] {processor.py:839} INFO - DAG(s) dict_keys(['check_pg']) retrieved from /opt/airflow/dags/check_pg.py
[2023-09-26T19:26:29.120+0000] {logging_mixin.py:151} INFO - [2023-09-26T19:26:29.120+0000] {dag.py:2915} INFO - Sync 1 DAGs
[2023-09-26T19:26:29.144+0000] {logging_mixin.py:151} INFO - [2023-09-26T19:26:29.144+0000] {dag.py:3696} INFO - Setting next_dagrun for check_pg to 2022-12-31T21:10:00+00:00, run_after=2023-01-01T21:10:00+00:00
[2023-09-26T19:26:29.292+0000] {processor.py:179} INFO - Processing /opt/airflow/dags/check_pg.py took 0.253 seconds
[2023-09-26T19:26:59.523+0000] {processor.py:157} INFO - Started process (PID=723) to work on /opt/airflow/dags/check_pg.py
[2023-09-26T19:26:59.525+0000] {processor.py:829} INFO - Processing file /opt/airflow/dags/check_pg.py for tasks to queue
[2023-09-26T19:26:59.526+0000] {logging_mixin.py:151} INFO - [2023-09-26T19:26:59.526+0000] {dagbag.py:539} INFO - Filling up the DagBag from /opt/airflow/dags/check_pg.py
[2023-09-26T19:26:59.569+0000] {processor.py:839} INFO - DAG(s) dict_keys(['check_pg']) retrieved from /opt/airflow/dags/check_pg.py
[2023-09-26T19:26:59.597+0000] {logging_mixin.py:151} INFO - [2023-09-26T19:26:59.597+0000] {dag.py:2915} INFO - Sync 1 DAGs
[2023-09-26T19:26:59.727+0000] {logging_mixin.py:151} INFO - [2023-09-26T19:26:59.727+0000] {dag.py:3696} INFO - Setting next_dagrun for check_pg to 2022-12-31T21:10:00+00:00, run_after=2023-01-01T21:10:00+00:00
[2023-09-26T19:26:59.746+0000] {processor.py:179} INFO - Processing /opt/airflow/dags/check_pg.py took 0.228 seconds
[2023-09-26T19:27:29.981+0000] {processor.py:157} INFO - Started process (PID=740) to work on /opt/airflow/dags/check_pg.py
[2023-09-26T19:27:29.983+0000] {processor.py:829} INFO - Processing file /opt/airflow/dags/check_pg.py for tasks to queue
[2023-09-26T19:27:29.984+0000] {logging_mixin.py:151} INFO - [2023-09-26T19:27:29.983+0000] {dagbag.py:539} INFO - Filling up the DagBag from /opt/airflow/dags/check_pg.py
[2023-09-26T19:27:30.024+0000] {processor.py:839} INFO - DAG(s) dict_keys(['check_pg']) retrieved from /opt/airflow/dags/check_pg.py
[2023-09-26T19:27:30.054+0000] {logging_mixin.py:151} INFO - [2023-09-26T19:27:30.054+0000] {dag.py:2915} INFO - Sync 1 DAGs
[2023-09-26T19:27:30.075+0000] {logging_mixin.py:151} INFO - [2023-09-26T19:27:30.075+0000] {dag.py:3696} INFO - Setting next_dagrun for check_pg to 2022-12-31T21:10:00+00:00, run_after=2023-01-01T21:10:00+00:00
[2023-09-26T19:27:30.096+0000] {processor.py:179} INFO - Processing /opt/airflow/dags/check_pg.py took 0.118 seconds
